<?xml version="1.0" encoding="UTF-8"?>
<!-- Generated by org.testng.reporters.JUnitXMLReporter -->
<testsuite ignored="0" hostname="DESKTOP-PBF243E" failures="0" tests="4" name="Default test" time="45.97" errors="0" timestamp="01 Nov 2023 07:06:16 GMT">
  <testcase classname="automationFramwork.BallardDesignsSite" name="verifyLogoIsDisplayed" time="0.806"/>
  <testcase classname="automationFramwork.BallardDesignsSite" name="verifySignInPage" time="12.33"/>
  <testcase classname="automationFramwork.BallardDesignsSite" name="loginWithValidCredentials" time="11.062"/>
  <testcase classname="automationFramwork.BallardDesignsSite" name="verifyUserLoggedIn" time="1.133"/>
</testsuite> <!-- Default test -->
