<?xml version="1.0" encoding="UTF-8"?>
<testng-results ignored="0" total="4" passed="4" failed="0" skipped="0">
  <reporter-output>
  </reporter-output>
  <suite started-at="2023-11-01T07:05:30Z" name="Default suite" finished-at="2023-11-01T07:06:16Z" duration-ms="45970">
    <groups>
    </groups>
    <test started-at="2023-11-01T07:05:30Z" name="Default test" finished-at="2023-11-01T07:06:16Z" duration-ms="45970">
      <class name="automationFramwork.BallardDesignsSite">
        <test-method is-config="true" signature="setup()[pri:0, instance:automationFramwork.BallardDesignsSite@7fd50002]" started-at="2023-11-01T10:05:30Z" name="setup" finished-at="2023-11-01T10:05:50Z" duration-ms="20587" status="PASS">
          <reporter-output>
          </reporter-output>
        </test-method> <!-- setup -->
        <test-method signature="verifyLogoIsDisplayed()[pri:1, instance:automationFramwork.BallardDesignsSite@7fd50002]" started-at="2023-11-01T10:05:50Z" name="verifyLogoIsDisplayed" finished-at="2023-11-01T10:05:51Z" duration-ms="806" status="PASS">
          <reporter-output>
          </reporter-output>
        </test-method> <!-- verifyLogoIsDisplayed -->
        <test-method signature="verifySignInPage()[pri:2, instance:automationFramwork.BallardDesignsSite@7fd50002]" started-at="2023-11-01T10:05:51Z" name="verifySignInPage" finished-at="2023-11-01T10:06:04Z" duration-ms="12330" status="PASS">
          <reporter-output>
          </reporter-output>
        </test-method> <!-- verifySignInPage -->
        <test-method signature="loginWithValidCredentials(java.lang.String, java.lang.String)[pri:3, instance:automationFramwork.BallardDesignsSite@7fd50002]" started-at="2023-11-01T10:06:04Z" name="loginWithValidCredentials" data-provider="validCredentials" finished-at="2023-11-01T10:06:15Z" duration-ms="11062" status="PASS">
          <params>
            <param index="0">
              <value>
                <![CDATA[qatest@gmail.com]]>
              </value>
            </param>
            <param index="1">
              <value>
                <![CDATA[123456789y]]>
              </value>
            </param>
          </params>
          <reporter-output>
          </reporter-output>
        </test-method> <!-- loginWithValidCredentials -->
        <test-method signature="verifyUserLoggedIn()[pri:4, instance:automationFramwork.BallardDesignsSite@7fd50002]" started-at="2023-11-01T10:06:15Z" name="verifyUserLoggedIn" finished-at="2023-11-01T10:06:16Z" duration-ms="1133" status="PASS">
          <reporter-output>
          </reporter-output>
        </test-method> <!-- verifyUserLoggedIn -->
      </class> <!-- automationFramwork.BallardDesignsSite -->
    </test> <!-- Default test -->
  </suite> <!-- Default suite -->
</testng-results>
